Determining if the pthread_create exist failed with the following output:
Change Dir: /home/jeremie/Documents/IMAC2/Projet3D/build/CMakeFiles/CMakeTmp

Run Build Command:/usr/bin/make "cmTryCompileExec2172144014/fast"
/usr/bin/make -f CMakeFiles/cmTryCompileExec2172144014.dir/build.make CMakeFiles/cmTryCompileExec2172144014.dir/build
make[1]: entrant dans le répertoire « /home/jeremie/Documents/IMAC2/Projet3D/build/CMakeFiles/CMakeTmp »
/usr/bin/cmake -E cmake_progress_report /home/jeremie/Documents/IMAC2/Projet3D/build/CMakeFiles/CMakeTmp/CMakeFiles 1
Building C object CMakeFiles/cmTryCompileExec2172144014.dir/CheckSymbolExists.c.o
/usr/bin/cc    -o CMakeFiles/cmTryCompileExec2172144014.dir/CheckSymbolExists.c.o   -c /home/jeremie/Documents/IMAC2/Projet3D/build/CMakeFiles/CMakeTmp/CheckSymbolExists.c
Linking C executable cmTryCompileExec2172144014
/usr/bin/cmake -E cmake_link_script CMakeFiles/cmTryCompileExec2172144014.dir/link.txt --verbose=1
/usr/bin/cc       CMakeFiles/cmTryCompileExec2172144014.dir/CheckSymbolExists.c.o  -o cmTryCompileExec2172144014 -rdynamic 
CMakeFiles/cmTryCompileExec2172144014.dir/CheckSymbolExists.c.o: dans la fonction « main »:
CheckSymbolExists.c:(.text+0x16): référence indéfinie vers « pthread_create »
collect2: error: ld returned 1 exit status
make[1]: *** [cmTryCompileExec2172144014] Erreur 1
make[1]: quittant le répertoire « /home/jeremie/Documents/IMAC2/Projet3D/build/CMakeFiles/CMakeTmp »
make: *** [cmTryCompileExec2172144014/fast] Erreur 2

File /home/jeremie/Documents/IMAC2/Projet3D/build/CMakeFiles/CMakeTmp/CheckSymbolExists.c:
/* */
#include <pthread.h>

int main(int argc, char** argv)
{
  (void)argv;
#ifndef pthread_create
  return ((int*)(&pthread_create))[argc];
#else
  (void)argc;
  return 0;
#endif
}

Determining if the function pthread_create exists in the pthreads failed with the following output:
Change Dir: /home/jeremie/Documents/IMAC2/Projet3D/build/CMakeFiles/CMakeTmp

Run Build Command:/usr/bin/make "cmTryCompileExec4097800161/fast"
/usr/bin/make -f CMakeFiles/cmTryCompileExec4097800161.dir/build.make CMakeFiles/cmTryCompileExec4097800161.dir/build
make[1]: entrant dans le répertoire « /home/jeremie/Documents/IMAC2/Projet3D/build/CMakeFiles/CMakeTmp »
/usr/bin/cmake -E cmake_progress_report /home/jeremie/Documents/IMAC2/Projet3D/build/CMakeFiles/CMakeTmp/CMakeFiles 1
Building C object CMakeFiles/cmTryCompileExec4097800161.dir/CheckFunctionExists.c.o
/usr/bin/cc   -DCHECK_FUNCTION_EXISTS=pthread_create   -o CMakeFiles/cmTryCompileExec4097800161.dir/CheckFunctionExists.c.o   -c /usr/share/cmake-2.8/Modules/CheckFunctionExists.c
Linking C executable cmTryCompileExec4097800161
/usr/bin/cmake -E cmake_link_script CMakeFiles/cmTryCompileExec4097800161.dir/link.txt --verbose=1
/usr/bin/cc   -DCHECK_FUNCTION_EXISTS=pthread_create    CMakeFiles/cmTryCompileExec4097800161.dir/CheckFunctionExists.c.o  -o cmTryCompileExec4097800161 -rdynamic -lpthreads 
/usr/bin/ld: ne peut trouver -lpthreads
collect2: error: ld returned 1 exit status
make[1]: *** [cmTryCompileExec4097800161] Erreur 1
make[1]: quittant le répertoire « /home/jeremie/Documents/IMAC2/Projet3D/build/CMakeFiles/CMakeTmp »
make: *** [cmTryCompileExec4097800161/fast] Erreur 2


